<?xml version="1.0" encoding="UTF-8"?>
<testsuite name="mobile.tests.local.LocalAndroidTest" tests="1" skipped="0" failures="0" errors="0" timestamp="2023-03-27T11:15:18" hostname="MacBook-Pro-2.local" time="20.167">
  <properties/>
  <testcase name="Onboard screen test" classname="mobile.tests.local.LocalAndroidTest" time="20.167"/>
  <system-out><![CDATA[]]></system-out>
  <system-err><![CDATA[]]></system-err>
</testsuite>
